11:40:52.666 sms [Thread-3] INFO  o.s.b.w.s.c.AnnotationConfigServletWebServerApplicationContext - Closing org.springframework.boot.web.servlet.context.AnnotationConfigServletWebServerApplicationContext@7d417077: startup date [Sun Dec 09 21:07:42 CST 2018]; root of context hierarchy
11:40:52.873 sms [Thread-3] INFO  o.s.c.s.DefaultLifecycleProcessor - Stopping beans in phase 2147483647
11:40:52.878 sms [Thread-3] INFO  org.quartz.core.QuartzScheduler - Scheduler schedulerFactoryBean_$_NON_CLUSTERED paused.
11:40:52.884 sms [Thread-3] INFO  o.s.j.e.a.AnnotationMBeanExporter - Unregistering JMX-exposed beans on shutdown
11:40:52.888 sms [Thread-3] INFO  o.s.j.e.a.AnnotationMBeanExporter - Unregistering JMX-exposed beans
11:40:52.905 sms [Thread-3] INFO  o.s.s.quartz.SchedulerFactoryBean - Shutting down Quartz Scheduler
11:40:52.905 sms [Thread-3] INFO  org.quartz.core.QuartzScheduler - Scheduler schedulerFactoryBean_$_NON_CLUSTERED shutting down.
11:40:52.905 sms [Thread-3] INFO  org.quartz.core.QuartzScheduler - Scheduler schedulerFactoryBean_$_NON_CLUSTERED paused.
11:40:52.906 sms [Thread-3] INFO  org.quartz.core.QuartzScheduler - Scheduler schedulerFactoryBean_$_NON_CLUSTERED shutdown complete.
11:40:52.920 sms [Thread-3] INFO  o.s.o.j.LocalContainerEntityManagerFactoryBean - Closing JPA EntityManagerFactory for persistence unit 'default'
11:40:52.950 sms [Thread-3] INFO  c.alibaba.druid.pool.DruidDataSource - {dataSource-1} closed
11:43:40.523 sms [main] INFO  com.example.demo.DemoApplication - Starting DemoApplication v0.0.1-SNAPSHOT on zhangqideMacBook-Pro.local with PID 17880 (/Users/zhangqi/MyDocument/Projects/HUAWEI/demo-0.0.1-SNAPSHOT(1).jar started by zhangqi in /Users/zhangqi/MyDocument/Projects/HUAWEI)
11:43:40.529 sms [main] INFO  com.example.demo.DemoApplication - No active profile set, falling back to default profiles: default
11:43:40.599 sms [main] INFO  o.s.b.w.s.c.AnnotationConfigServletWebServerApplicationContext - Refreshing org.springframework.boot.web.servlet.context.AnnotationConfigServletWebServerApplicationContext@7d417077: startup date [Mon Dec 10 11:43:40 CST 2018]; root of context hierarchy
11:43:42.598 sms [main] INFO  o.s.c.s.PostProcessorRegistrationDelegate$BeanPostProcessorChecker - Bean 'com.alibaba.druid.spring.boot.autoconfigure.stat.DruidSpringAopConfiguration' of type [com.alibaba.druid.spring.boot.autoconfigure.stat.DruidSpringAopConfiguration] is not eligible for getting processed by all BeanPostProcessors (for example: not eligible for auto-proxying)
11:43:42.706 sms [main] INFO  o.s.c.s.PostProcessorRegistrationDelegate$BeanPostProcessorChecker - Bean 'org.springframework.boot.context.properties.ConversionServiceDeducer$Factory' of type [org.springframework.boot.context.properties.ConversionServiceDeducer$Factory] is not eligible for getting processed by all BeanPostProcessors (for example: not eligible for auto-proxying)
11:43:42.883 sms [main] INFO  o.s.c.s.PostProcessorRegistrationDelegate$BeanPostProcessorChecker - Bean 'spring.datasource.druid-com.alibaba.druid.spring.boot.autoconfigure.properties.DruidStatProperties' of type [com.alibaba.druid.spring.boot.autoconfigure.properties.DruidStatProperties] is not eligible for getting processed by all BeanPostProcessors (for example: not eligible for auto-proxying)
11:43:42.894 sms [main] INFO  o.s.c.s.PostProcessorRegistrationDelegate$BeanPostProcessorChecker - Bean 'advisor' of type [org.springframework.aop.support.RegexpMethodPointcutAdvisor] is not eligible for getting processed by all BeanPostProcessors (for example: not eligible for auto-proxying)
11:43:42.900 sms [main] INFO  o.s.c.s.PostProcessorRegistrationDelegate$BeanPostProcessorChecker - Bean 'org.springframework.transaction.annotation.ProxyTransactionManagementConfiguration' of type [org.springframework.transaction.annotation.ProxyTransactionManagementConfiguration$$EnhancerBySpringCGLIB$$81a2a252] is not eligible for getting processed by all BeanPostProcessors (for example: not eligible for auto-proxying)
11:43:42.966 sms [main] INFO  o.s.c.s.PostProcessorRegistrationDelegate$BeanPostProcessorChecker - Bean 'shiroConfig' of type [com.example.demo.config.ShiroConfig$$EnhancerBySpringCGLIB$$e0a30198] is not eligible for getting processed by all BeanPostProcessors (for example: not eligible for auto-proxying)
11:43:43.012 sms [main] INFO  o.s.c.s.PostProcessorRegistrationDelegate$BeanPostProcessorChecker - Bean '(inner bean)#69e1dd28' of type [org.springframework.beans.factory.config.PropertiesFactoryBean] is not eligible for getting processed by all BeanPostProcessors (for example: not eligible for auto-proxying)
11:43:43.017 sms [main] INFO  o.s.c.s.PostProcessorRegistrationDelegate$BeanPostProcessorChecker - Bean '(inner bean)#69e1dd28' of type [java.util.Properties] is not eligible for getting processed by all BeanPostProcessors (for example: not eligible for auto-proxying)
11:43:43.048 sms [main] INFO  o.s.c.s.PostProcessorRegistrationDelegate$BeanPostProcessorChecker - Bean '(inner bean)#e7edb54' of type [org.springframework.data.repository.core.support.PropertiesBasedNamedQueries] is not eligible for getting processed by all BeanPostProcessors (for example: not eligible for auto-proxying)
11:43:43.058 sms [main] INFO  o.s.c.s.PostProcessorRegistrationDelegate$BeanPostProcessorChecker - Bean '(inner bean)#31e5415e' of type [org.springframework.data.repository.core.support.RepositoryFragmentsFactoryBean] is not eligible for getting processed by all BeanPostProcessors (for example: not eligible for auto-proxying)
11:43:43.064 sms [main] INFO  o.s.c.s.PostProcessorRegistrationDelegate$BeanPostProcessorChecker - Bean '(inner bean)#31e5415e' of type [org.springframework.data.repository.core.support.RepositoryComposition$RepositoryFragments] is not eligible for getting processed by all BeanPostProcessors (for example: not eligible for auto-proxying)
11:43:43.083 sms [main] INFO  o.s.c.s.PostProcessorRegistrationDelegate$BeanPostProcessorChecker - Bean '(inner bean)#247d8ae' of type [org.springframework.data.repository.query.ExtensionAwareEvaluationContextProvider] is not eligible for getting processed by all BeanPostProcessors (for example: not eligible for auto-proxying)
11:43:43.092 sms [main] INFO  o.s.c.s.PostProcessorRegistrationDelegate$BeanPostProcessorChecker - Bean 'com.alibaba.druid.spring.boot.autoconfigure.DruidDataSourceAutoConfigure' of type [com.alibaba.druid.spring.boot.autoconfigure.DruidDataSourceAutoConfigure$$EnhancerBySpringCGLIB$$9b4e97c4] is not eligible for getting processed by all BeanPostProcessors (for example: not eligible for auto-proxying)
11:43:43.097 sms [main] INFO  c.a.d.s.b.a.DruidDataSourceAutoConfigure - Init DruidDataSource
11:43:43.264 sms [main] INFO  o.s.c.s.PostProcessorRegistrationDelegate$BeanPostProcessorChecker - Bean 'spring.datasource-org.springframework.boot.autoconfigure.jdbc.DataSourceProperties' of type [org.springframework.boot.autoconfigure.jdbc.DataSourceProperties] is not eligible for getting processed by all BeanPostProcessors (for example: not eligible for auto-proxying)
11:43:43.273 sms [main] INFO  o.s.c.s.PostProcessorRegistrationDelegate$BeanPostProcessorChecker - Bean 'com.alibaba.druid.spring.boot.autoconfigure.stat.DruidFilterConfiguration' of type [com.alibaba.druid.spring.boot.autoconfigure.stat.DruidFilterConfiguration] is not eligible for getting processed by all BeanPostProcessors (for example: not eligible for auto-proxying)
11:43:43.321 sms [main] INFO  o.s.c.s.PostProcessorRegistrationDelegate$BeanPostProcessorChecker - Bean 'statFilter' of type [com.alibaba.druid.filter.stat.StatFilter] is not eligible for getting processed by all BeanPostProcessors (for example: not eligible for auto-proxying)
11:43:44.612 sms [main] INFO  c.alibaba.druid.pool.DruidDataSource - {dataSource-1} inited
11:43:44.612 sms [main] INFO  o.s.c.s.PostProcessorRegistrationDelegate$BeanPostProcessorChecker - Bean 'dataSource' of type [com.alibaba.druid.spring.boot.autoconfigure.DruidDataSourceWrapper] is not eligible for getting processed by all BeanPostProcessors (for example: not eligible for auto-proxying)
11:43:44.669 sms [main] INFO  o.s.c.s.PostProcessorRegistrationDelegate$BeanPostProcessorChecker - Bean 'org.springframework.boot.autoconfigure.jdbc.DataSourceInitializerInvoker' of type [org.springframework.boot.autoconfigure.jdbc.DataSourceInitializerInvoker] is not eligible for getting processed by all BeanPostProcessors (for example: not eligible for auto-proxying)
11:43:44.680 sms [main] INFO  o.s.c.s.PostProcessorRegistrationDelegate$BeanPostProcessorChecker - Bean 'spring.jpa-org.springframework.boot.autoconfigure.orm.jpa.JpaProperties' of type [org.springframework.boot.autoconfigure.orm.jpa.JpaProperties] is not eligible for getting processed by all BeanPostProcessors (for example: not eligible for auto-proxying)
11:43:44.687 sms [main] INFO  o.s.c.s.PostProcessorRegistrationDelegate$BeanPostProcessorChecker - Bean 'org.springframework.boot.autoconfigure.transaction.TransactionAutoConfiguration' of type [org.springframework.boot.autoconfigure.transaction.TransactionAutoConfiguration$$EnhancerBySpringCGLIB$$16169d5c] is not eligible for getting processed by all BeanPostProcessors (for example: not eligible for auto-proxying)
11:43:44.698 sms [main] INFO  o.s.c.s.PostProcessorRegistrationDelegate$BeanPostProcessorChecker - Bean 'spring.transaction-org.springframework.boot.autoconfigure.transaction.TransactionProperties' of type [org.springframework.boot.autoconfigure.transaction.TransactionProperties] is not eligible for getting processed by all BeanPostProcessors (for example: not eligible for auto-proxying)
11:43:44.703 sms [main] INFO  o.s.c.s.PostProcessorRegistrationDelegate$BeanPostProcessorChecker - Bean 'platformTransactionManagerCustomizers' of type [org.springframework.boot.autoconfigure.transaction.TransactionManagerCustomizers] is not eligible for getting processed by all BeanPostProcessors (for example: not eligible for auto-proxying)
11:43:44.713 sms [main] INFO  o.s.c.s.PostProcessorRegistrationDelegate$BeanPostProcessorChecker - Bean 'org.springframework.boot.autoconfigure.jdbc.metadata.DataSourcePoolMetadataProvidersConfiguration$HikariPoolDataSourceMetadataProviderConfiguration' of type [org.springframework.boot.autoconfigure.jdbc.metadata.DataSourcePoolMetadataProvidersConfiguration$HikariPoolDataSourceMetadataProviderConfiguration$$EnhancerBySpringCGLIB$$e1f9ca36] is not eligible for getting processed by all BeanPostProcessors (for example: not eligible for auto-proxying)
11:43:44.719 sms [main] INFO  o.s.c.s.PostProcessorRegistrationDelegate$BeanPostProcessorChecker - Bean 'hikariPoolDataSourceMetadataProvider' of type [org.springframework.boot.autoconfigure.jdbc.metadata.DataSourcePoolMetadataProvidersConfiguration$HikariPoolDataSourceMetadataProviderConfiguration$$Lambda$294/1261031890] is not eligible for getting processed by all BeanPostProcessors (for example: not eligible for auto-proxying)
11:43:44.735 sms [main] INFO  o.s.c.s.PostProcessorRegistrationDelegate$BeanPostProcessorChecker - Bean 'org.springframework.boot.autoconfigure.orm.jpa.HibernateJpaConfiguration' of type [org.springframework.boot.autoconfigure.orm.jpa.HibernateJpaConfiguration$$EnhancerBySpringCGLIB$$a07964c1] is not eligible for getting processed by all BeanPostProcessors (for example: not eligible for auto-proxying)
11:43:44.809 sms [main] INFO  o.s.c.s.PostProcessorRegistrationDelegate$BeanPostProcessorChecker - Bean 'jpaVendorAdapter' of type [org.springframework.orm.jpa.vendor.HibernateJpaVendorAdapter] is not eligible for getting processed by all BeanPostProcessors (for example: not eligible for auto-proxying)
11:43:44.816 sms [main] INFO  o.s.c.s.PostProcessorRegistrationDelegate$BeanPostProcessorChecker - Bean 'entityManagerFactoryBuilder' of type [org.springframework.boot.orm.jpa.EntityManagerFactoryBuilder] is not eligible for getting processed by all BeanPostProcessors (for example: not eligible for auto-proxying)
11:43:44.873 sms [main] INFO  o.s.o.j.LocalContainerEntityManagerFactoryBean - Building JPA container EntityManagerFactory for persistence unit 'default'
11:43:44.909 sms [main] INFO  o.h.jpa.internal.util.LogHelper - HHH000204: Processing PersistenceUnitInfo [
	name: default
	...]
11:43:45.035 sms [main] INFO  org.hibernate.Version - HHH000412: Hibernate Core {5.2.17.Final}
11:43:45.037 sms [main] INFO  org.hibernate.cfg.Environment - HHH000206: hibernate.properties not found
11:43:45.101 sms [main] INFO  o.h.annotations.common.Version - HCANN000001: Hibernate Commons Annotations {5.0.1.Final}
11:43:45.576 sms [main] INFO  org.hibernate.dialect.Dialect - HHH000400: Using dialect: org.hibernate.dialect.MySQL5Dialect
11:43:46.409 sms [main] INFO  o.s.o.j.LocalContainerEntityManagerFactoryBean - Initialized JPA EntityManagerFactory for persistence unit 'default'
11:43:46.414 sms [main] INFO  o.s.c.s.PostProcessorRegistrationDelegate$BeanPostProcessorChecker - Bean 'entityManagerFactory' of type [org.springframework.orm.jpa.LocalContainerEntityManagerFactoryBean] is not eligible for getting processed by all BeanPostProcessors (for example: not eligible for auto-proxying)
11:43:46.421 sms [main] INFO  o.s.c.s.PostProcessorRegistrationDelegate$BeanPostProcessorChecker - Bean 'entityManagerFactory' of type [com.sun.proxy.$Proxy83] is not eligible for getting processed by all BeanPostProcessors (for example: not eligible for auto-proxying)
11:43:46.444 sms [main] INFO  o.s.c.s.PostProcessorRegistrationDelegate$BeanPostProcessorChecker - Bean '(inner bean)#29d89d5d' of type [com.sun.proxy.$Proxy84] is not eligible for getting processed by all BeanPostProcessors (for example: not eligible for auto-proxying)
11:43:46.475 sms [main] INFO  o.s.c.s.PostProcessorRegistrationDelegate$BeanPostProcessorChecker - Bean 'jpaMappingContext' of type [org.springframework.data.jpa.repository.config.JpaMetamodelMappingContextFactoryBean] is not eligible for getting processed by all BeanPostProcessors (for example: not eligible for auto-proxying)
11:43:46.478 sms [main] INFO  o.s.c.s.PostProcessorRegistrationDelegate$BeanPostProcessorChecker - Bean 'jpaMappingContext' of type [org.springframework.data.jpa.mapping.JpaMetamodelMappingContext] is not eligible for getting processed by all BeanPostProcessors (for example: not eligible for auto-proxying)
11:43:46.768 sms [main] INFO  o.s.c.s.PostProcessorRegistrationDelegate$BeanPostProcessorChecker - Bean 'loginRepository' of type [org.springframework.data.jpa.repository.support.JpaRepositoryFactoryBean] is not eligible for getting processed by all BeanPostProcessors (for example: not eligible for auto-proxying)
11:43:46.774 sms [main] INFO  o.s.c.s.PostProcessorRegistrationDelegate$BeanPostProcessorChecker - Bean 'loginRepository' of type [com.sun.proxy.$Proxy87] is not eligible for getting processed by all BeanPostProcessors (for example: not eligible for auto-proxying)
11:43:46.794 sms [main] INFO  o.s.c.s.PostProcessorRegistrationDelegate$BeanPostProcessorChecker - Bean '(inner bean)#565b064f' of type [org.springframework.beans.factory.config.PropertiesFactoryBean] is not eligible for getting processed by all BeanPostProcessors (for example: not eligible for auto-proxying)
11:43:46.795 sms [main] INFO  o.s.c.s.PostProcessorRegistrationDelegate$BeanPostProcessorChecker - Bean '(inner bean)#565b064f' of type [java.util.Properties] is not eligible for getting processed by all BeanPostProcessors (for example: not eligible for auto-proxying)
11:43:46.796 sms [main] INFO  o.s.c.s.PostProcessorRegistrationDelegate$BeanPostProcessorChecker - Bean '(inner bean)#5c8eee0f' of type [org.springframework.data.repository.core.support.PropertiesBasedNamedQueries] is not eligible for getting processed by all BeanPostProcessors (for example: not eligible for auto-proxying)
11:43:46.796 sms [main] INFO  o.s.c.s.PostProcessorRegistrationDelegate$BeanPostProcessorChecker - Bean '(inner bean)#56a4479a' of type [org.springframework.data.repository.core.support.RepositoryFragmentsFactoryBean] is not eligible for getting processed by all BeanPostProcessors (for example: not eligible for auto-proxying)
11:43:46.797 sms [main] INFO  o.s.c.s.PostProcessorRegistrationDelegate$BeanPostProcessorChecker - Bean '(inner bean)#56a4479a' of type [org.springframework.data.repository.core.support.RepositoryComposition$RepositoryFragments] is not eligible for getting processed by all BeanPostProcessors (for example: not eligible for auto-proxying)
11:43:46.798 sms [main] INFO  o.s.c.s.PostProcessorRegistrationDelegate$BeanPostProcessorChecker - Bean '(inner bean)#62f4ff3b' of type [org.springframework.data.repository.query.ExtensionAwareEvaluationContextProvider] is not eligible for getting processed by all BeanPostProcessors (for example: not eligible for auto-proxying)
11:43:46.799 sms [main] INFO  o.s.c.s.PostProcessorRegistrationDelegate$BeanPostProcessorChecker - Bean '(inner bean)#4504d271' of type [com.sun.proxy.$Proxy84] is not eligible for getting processed by all BeanPostProcessors (for example: not eligible for auto-proxying)
11:43:46.819 sms [main] INFO  o.s.c.s.PostProcessorRegistrationDelegate$BeanPostProcessorChecker - Bean 'userRepository' of type [org.springframework.data.jpa.repository.support.JpaRepositoryFactoryBean] is not eligible for getting processed by all BeanPostProcessors (for example: not eligible for auto-proxying)
11:43:46.820 sms [main] INFO  o.s.c.s.PostProcessorRegistrationDelegate$BeanPostProcessorChecker - Bean 'userRepository' of type [com.sun.proxy.$Proxy90] is not eligible for getting processed by all BeanPostProcessors (for example: not eligible for auto-proxying)
11:43:46.839 sms [main] INFO  o.s.c.s.PostProcessorRegistrationDelegate$BeanPostProcessorChecker - Bean 'spring.jdbc-org.springframework.boot.autoconfigure.jdbc.JdbcProperties' of type [org.springframework.boot.autoconfigure.jdbc.JdbcProperties] is not eligible for getting processed by all BeanPostProcessors (for example: not eligible for auto-proxying)
11:43:46.843 sms [main] INFO  o.s.c.s.PostProcessorRegistrationDelegate$BeanPostProcessorChecker - Bean 'org.springframework.boot.autoconfigure.jdbc.JdbcTemplateAutoConfiguration$JdbcTemplateConfiguration' of type [org.springframework.boot.autoconfigure.jdbc.JdbcTemplateAutoConfiguration$JdbcTemplateConfiguration$$EnhancerBySpringCGLIB$$9a2dd0bf] is not eligible for getting processed by all BeanPostProcessors (for example: not eligible for auto-proxying)
11:43:46.863 sms [main] INFO  o.s.c.s.PostProcessorRegistrationDelegate$BeanPostProcessorChecker - Bean 'jdbcTemplate' of type [org.springframework.jdbc.core.JdbcTemplate] is not eligible for getting processed by all BeanPostProcessors (for example: not eligible for auto-proxying)
11:43:46.897 sms [main] INFO  o.s.c.s.PostProcessorRegistrationDelegate$BeanPostProcessorChecker - Bean '(inner bean)#285c08c8' of type [org.springframework.beans.factory.config.PropertiesFactoryBean] is not eligible for getting processed by all BeanPostProcessors (for example: not eligible for auto-proxying)
11:43:46.897 sms [main] INFO  o.s.c.s.PostProcessorRegistrationDelegate$BeanPostProcessorChecker - Bean '(inner bean)#285c08c8' of type [java.util.Properties] is not eligible for getting processed by all BeanPostProcessors (for example: not eligible for auto-proxying)
11:43:46.898 sms [main] INFO  o.s.c.s.PostProcessorRegistrationDelegate$BeanPostProcessorChecker - Bean '(inner bean)#36546a22' of type [org.springframework.data.repository.core.support.PropertiesBasedNamedQueries] is not eligible for getting processed by all BeanPostProcessors (for example: not eligible for auto-proxying)
11:43:46.899 sms [main] INFO  o.s.c.s.PostProcessorRegistrationDelegate$BeanPostProcessorChecker - Bean '(inner bean)#64dafeed' of type [org.springframework.data.repository.core.support.RepositoryFragmentsFactoryBean] is not eligible for getting processed by all BeanPostProcessors (for example: not eligible for auto-proxying)
11:43:46.900 sms [main] INFO  o.s.c.s.PostProcessorRegistrationDelegate$BeanPostProcessorChecker - Bean '(inner bean)#64dafeed' of type [org.springframework.data.repository.core.support.RepositoryComposition$RepositoryFragments] is not eligible for getting processed by all BeanPostProcessors (for example: not eligible for auto-proxying)
11:43:46.901 sms [main] INFO  o.s.c.s.PostProcessorRegistrationDelegate$BeanPostProcessorChecker - Bean '(inner bean)#2ece4966' of type [org.springframework.data.repository.query.ExtensionAwareEvaluationContextProvider] is not eligible for getting processed by all BeanPostProcessors (for example: not eligible for auto-proxying)
11:43:46.902 sms [main] INFO  o.s.c.s.PostProcessorRegistrationDelegate$BeanPostProcessorChecker - Bean '(inner bean)#7894f09b' of type [com.sun.proxy.$Proxy84] is not eligible for getting processed by all BeanPostProcessors (for example: not eligible for auto-proxying)
11:43:46.922 sms [main] INFO  o.s.c.s.PostProcessorRegistrationDelegate$BeanPostProcessorChecker - Bean 'passwordRepository' of type [org.springframework.data.jpa.repository.support.JpaRepositoryFactoryBean] is not eligible for getting processed by all BeanPostProcessors (for example: not eligible for auto-proxying)
11:43:46.923 sms [main] INFO  o.s.c.s.PostProcessorRegistrationDelegate$BeanPostProcessorChecker - Bean 'passwordRepository' of type [com.sun.proxy.$Proxy91] is not eligible for getting processed by all BeanPostProcessors (for example: not eligible for auto-proxying)
11:43:46.938 sms [main] INFO  o.s.c.s.PostProcessorRegistrationDelegate$BeanPostProcessorChecker - Bean 'passwordServiceImp' of type [com.example.demo.service.imp.PasswordServiceImp] is not eligible for getting processed by all BeanPostProcessors (for example: not eligible for auto-proxying)
11:43:46.939 sms [main] INFO  o.s.c.s.PostProcessorRegistrationDelegate$BeanPostProcessorChecker - Bean 'userServiceImp' of type [com.example.demo.service.imp.UserServiceImp] is not eligible for getting processed by all BeanPostProcessors (for example: not eligible for auto-proxying)
11:43:46.977 sms [main] INFO  o.s.c.s.PostProcessorRegistrationDelegate$BeanPostProcessorChecker - Bean 'loginServiceImp' of type [com.example.demo.service.imp.LoginServiceImp] is not eligible for getting processed by all BeanPostProcessors (for example: not eligible for auto-proxying)
11:43:46.979 sms [main] INFO  o.s.c.s.PostProcessorRegistrationDelegate$BeanPostProcessorChecker - Bean 'customRealm' of type [com.example.demo.shiro.CustomRealm] is not eligible for getting processed by all BeanPostProcessors (for example: not eligible for auto-proxying)
11:43:47.031 sms [main] INFO  o.s.c.s.PostProcessorRegistrationDelegate$BeanPostProcessorChecker - Bean 'securityManager' of type [org.apache.shiro.web.mgt.DefaultWebSecurityManager] is not eligible for getting processed by all BeanPostProcessors (for example: not eligible for auto-proxying)
11:43:47.053 sms [main] INFO  o.s.c.s.PostProcessorRegistrationDelegate$BeanPostProcessorChecker - Bean 'authorizationAttributeSourceAdvisor' of type [org.apache.shiro.spring.security.interceptor.AuthorizationAttributeSourceAdvisor] is not eligible for getting processed by all BeanPostProcessors (for example: not eligible for auto-proxying)
11:43:47.825 sms [main] INFO  o.s.b.w.e.tomcat.TomcatWebServer - Tomcat initialized with port(s): 8080 (http)
11:43:47.844 sms [main] INFO  o.a.coyote.http11.Http11NioProtocol - Initializing ProtocolHandler ["http-nio-8080"]
11:43:47.862 sms [main] INFO  o.a.catalina.core.StandardService - Starting service [Tomcat]
11:43:47.863 sms [main] INFO  o.a.catalina.core.StandardEngine - Starting Servlet Engine: Apache Tomcat/8.5.34
11:43:47.876 sms [localhost-startStop-1] INFO  o.a.c.core.AprLifecycleListener - The APR based Apache Tomcat Native library which allows optimal performance in production environments was not found on the java.library.path: [/Users/zhangqi/Library/Java/Extensions:/Library/Java/Extensions:/Network/Library/Java/Extensions:/System/Library/Java/Extensions:/usr/lib/java:.]
11:43:47.965 sms [localhost-startStop-1] INFO  o.a.c.c.C.[Tomcat].[localhost].[/] - Initializing Spring embedded WebApplicationContext
11:43:47.965 sms [localhost-startStop-1] INFO  o.s.web.context.ContextLoader - Root WebApplicationContext: initialization completed in 7366 ms
11:43:48.123 sms [localhost-startStop-1] INFO  o.s.b.w.s.ServletRegistrationBean - Servlet dispatcherServlet mapped to [/]
11:43:48.125 sms [localhost-startStop-1] INFO  o.s.b.w.s.ServletRegistrationBean - Servlet statViewServlet mapped to [/druid/*]
11:43:48.129 sms [localhost-startStop-1] INFO  o.s.b.w.s.FilterRegistrationBean - Mapping filter: 'characterEncodingFilter' to: [/*]
11:43:48.130 sms [localhost-startStop-1] INFO  o.s.b.w.s.FilterRegistrationBean - Mapping filter: 'hiddenHttpMethodFilter' to: [/*]
11:43:48.130 sms [localhost-startStop-1] INFO  o.s.b.w.s.FilterRegistrationBean - Mapping filter: 'httpPutFormContentFilter' to: [/*]
11:43:48.130 sms [localhost-startStop-1] INFO  o.s.b.w.s.FilterRegistrationBean - Mapping filter: 'requestContextFilter' to: [/*]
11:43:48.130 sms [localhost-startStop-1] INFO  o.s.b.w.s.FilterRegistrationBean - Mapping filter: 'webStatFilter' to urls: [/*]
11:43:48.130 sms [localhost-startStop-1] INFO  o.s.b.w.s.FilterRegistrationBean - Mapping filter: 'customRolesAuthorizationFilter' to: [/*]
11:43:48.130 sms [localhost-startStop-1] INFO  o.s.b.w.s.FilterRegistrationBean - Mapping filter: 'shirFilter' to: [/*]
11:43:49.025 sms [main] INFO  org.quartz.impl.StdSchedulerFactory - Using default implementation for ThreadExecutor
11:43:49.043 sms [main] INFO  o.quartz.core.SchedulerSignalerImpl - Initialized Scheduler Signaller of type: class org.quartz.core.SchedulerSignalerImpl
11:43:49.043 sms [main] INFO  org.quartz.core.QuartzScheduler - Quartz Scheduler v.2.3.0 created.
11:43:49.044 sms [main] INFO  org.quartz.simpl.RAMJobStore - RAMJobStore initialized.
11:43:49.045 sms [main] INFO  org.quartz.core.QuartzScheduler - Scheduler meta-data: Quartz Scheduler (v2.3.0) 'schedulerFactoryBean' with instanceId 'NON_CLUSTERED'
  Scheduler class: 'org.quartz.core.QuartzScheduler' - running locally.
  NOT STARTED.
  Currently in standby mode.
  Number of jobs executed: 0
  Using thread pool 'org.quartz.simpl.SimpleThreadPool' - with 10 threads.
  Using job-store 'org.quartz.simpl.RAMJobStore' - which does not support persistence. and is not clustered.

11:43:49.045 sms [main] INFO  org.quartz.impl.StdSchedulerFactory - Quartz scheduler 'schedulerFactoryBean' initialized from an externally provided properties instance.
11:43:49.046 sms [main] INFO  org.quartz.impl.StdSchedulerFactory - Quartz scheduler version: 2.3.0
11:43:49.050 sms [main] INFO  org.quartz.core.QuartzScheduler - JobFactory set to: org.springframework.scheduling.quartz.AdaptableJobFactory@10027fc9
11:43:50.058 sms [main] INFO  o.s.w.s.h.SimpleUrlHandlerMapping - Mapped URL path [/**/favicon.ico] onto handler of type [class org.springframework.web.servlet.resource.ResourceHttpRequestHandler]
11:43:50.556 sms [main] INFO  o.s.w.s.m.m.a.RequestMappingHandlerAdapter - Looking for @ControllerAdvice: org.springframework.boot.web.servlet.context.AnnotationConfigServletWebServerApplicationContext@7d417077: startup date [Mon Dec 10 11:43:40 CST 2018]; root of context hierarchy
11:43:50.697 sms [main] INFO  o.s.w.s.m.m.a.RequestMappingHandlerMapping - Mapped "{[/app/work/completing]}" onto public com.example.demo.util.Result com.example.demo.controller.AndroidController.completing(java.lang.Long) throws java.lang.Exception
11:43:50.698 sms [main] INFO  o.s.w.s.m.m.a.RequestMappingHandlerMapping - Mapped "{[/app/work/servicedetails]}" onto public com.example.demo.util.Result com.example.demo.controller.AndroidController.servicedetails(java.lang.Long) throws java.lang.Exception
11:43:50.698 sms [main] INFO  o.s.w.s.m.m.a.RequestMappingHandlerMapping - Mapped "{[/app/work/completed]}" onto public com.example.demo.util.Result com.example.demo.controller.AndroidController.completed(java.lang.Long) throws java.lang.Exception
11:43:50.698 sms [main] INFO  o.s.w.s.m.m.a.RequestMappingHandlerMapping - Mapped "{[/app/work/faultdetails]}" onto public com.example.demo.util.Result com.example.demo.controller.AndroidController.faultdetails(java.lang.Long) throws java.lang.Exception
11:43:50.698 sms [main] INFO  o.s.w.s.m.m.a.RequestMappingHandlerMapping - Mapped "{[/app/personal/change]}" onto public com.example.demo.util.Result com.example.demo.controller.AndroidController.personalChange(java.lang.Long,java.lang.String) throws java.lang.Exception
11:43:50.698 sms [main] INFO  o.s.w.s.m.m.a.RequestMappingHandlerMapping - Mapped "{[/app/news/newslist]}" onto public com.example.demo.util.Result com.example.demo.controller.AndroidController.fnewslist(java.lang.Long) throws java.lang.Exception
11:43:50.698 sms [main] INFO  o.s.w.s.m.m.a.RequestMappingHandlerMapping - Mapped "{[/app/news/details]}" onto public com.example.demo.util.Result com.example.demo.controller.AndroidController.newsdetails(java.lang.Long) throws java.lang.Exception
11:43:50.699 sms [main] INFO  o.s.w.s.m.m.a.RequestMappingHandlerMapping - Mapped "{[/app/work/productdetails]}" onto public com.example.demo.util.Result com.example.demo.controller.AndroidController.productdetails(java.lang.Long) throws java.lang.Exception
11:43:50.700 sms [main] INFO  o.s.w.s.m.m.a.RequestMappingHandlerMapping - Mapped "{[/app/work/devicelist]}" onto public com.example.demo.util.Result com.example.demo.controller.AndroidController.devicelist() throws java.lang.Exception
11:43:50.700 sms [main] INFO  o.s.w.s.m.m.a.RequestMappingHandlerMapping - Mapped "{[/app/work/faultlist]}" onto public com.example.demo.util.Result com.example.demo.controller.AndroidController.faulttlist(java.lang.Long) throws java.lang.Exception
11:43:50.701 sms [main] INFO  o.s.w.s.m.m.a.RequestMappingHandlerMapping - Mapped "{[/app/work/productlist]}" onto public com.example.demo.util.Result com.example.demo.controller.AndroidController.productlist() throws java.lang.Exception
11:43:50.701 sms [main] INFO  o.s.w.s.m.m.a.RequestMappingHandlerMapping - Mapped "{[/web/equipment/getEquipment]}" onto public java.lang.String com.example.demo.controller.EquipmentController.getEquipment(java.lang.Long)
11:43:50.701 sms [main] INFO  o.s.w.s.m.m.a.RequestMappingHandlerMapping - Mapped "{[/web/equipment/searchEquipment]}" onto public com.example.demo.util.Result com.example.demo.controller.EquipmentController.getsearchPunch(java.lang.Integer,java.lang.Integer,java.lang.Long,java.lang.Long)
11:43:50.702 sms [main] INFO  o.s.w.s.m.m.a.RequestMappingHandlerMapping - Mapped "{[/guest/enter],methods=[GET]}" onto public com.example.demo.util.Result com.example.demo.controller.GuestController.login() throws java.lang.Exception
11:43:50.702 sms [main] INFO  o.s.w.s.m.m.a.RequestMappingHandlerMapping - Mapped "{[/guest/getMessage],methods=[GET]}" onto public com.example.demo.util.Result com.example.demo.controller.GuestController.submitLogin() throws java.lang.Exception
11:43:50.702 sms [main] INFO  o.s.w.s.m.m.a.RequestMappingHandlerMapping - Mapped "{[/guest/startQuartz]}" onto public com.example.demo.util.Result com.example.demo.controller.GuestController.startQuartz() throws java.lang.Exception
11:43:50.703 sms [main] INFO  o.s.w.s.m.m.a.RequestMappingHandlerMapping - Mapped "{[/guest/stopQuartz]}" onto public com.example.demo.util.Result com.example.demo.controller.GuestController.stopQuartz() throws java.lang.Exception
11:43:50.703 sms [main] INFO  o.s.w.s.m.m.a.RequestMappingHandlerMapping - Mapped "{[/index]}" onto public java.lang.String com.example.demo.controller.IndexController.ownerLogin(javax.servlet.http.HttpServletRequest)
11:43:50.705 sms [main] INFO  o.s.w.s.m.m.a.RequestMappingHandlerMapping - Mapped "{[/notLogin]}" onto public com.example.demo.WebResultPak.WebResult com.example.demo.controller.LoginController.notLogin()
11:43:50.705 sms [main] INFO  o.s.w.s.m.m.a.RequestMappingHandlerMapping - Mapped "{[/web/loginInfo/getLoginList]}" onto public com.example.demo.util.Result com.example.demo.controller.LoginController.getLoginList(java.lang.Integer,java.lang.Integer)
11:43:50.707 sms [main] INFO  o.s.w.s.m.m.a.RequestMappingHandlerMapping - Mapped "{[/web/loginInfo/deleteLoginInfo]}" onto public com.example.demo.util.Result com.example.demo.controller.LoginController.deletePunch(java.lang.Long,java.lang.String)
11:43:50.708 sms [main] INFO  o.s.w.s.m.m.a.RequestMappingHandlerMapping - Mapped "{[/web/login/getLoginData],methods=[POST]}" onto public com.example.demo.util.Result com.example.demo.controller.LoginController.login(java.lang.String,java.lang.String)
11:43:50.710 sms [main] INFO  o.s.w.s.m.m.a.RequestMappingHandlerMapping - Mapped "{[/notRole]}" onto public com.example.demo.WebResultPak.WebResult com.example.demo.controller.LoginController.notRole()
11:43:50.710 sms [main] INFO  o.s.w.s.m.m.a.RequestMappingHandlerMapping - Mapped "{[/web/login/logOut]}" onto public com.example.demo.util.Result com.example.demo.controller.LoginController.logout()
11:43:50.710 sms [main] INFO  o.s.w.s.m.m.a.RequestMappingHandlerMapping - Mapped "{[/web/loginInfo/searchLoginList]}" onto public com.example.demo.util.Result com.example.demo.controller.LoginController.searchLoginList(java.lang.Integer,java.lang.Integer,java.lang.Long,java.lang.String,java.lang.String,java.lang.String)
11:43:50.710 sms [main] INFO  o.s.w.s.m.m.a.RequestMappingHandlerMapping - Mapped "{[/web/operateInfo/deleteOperateInfo]}" onto public com.example.demo.util.Result com.example.demo.controller.OperateController.delete_Operate(java.lang.Long,java.lang.String)
11:43:50.711 sms [main] INFO  o.s.w.s.m.m.a.RequestMappingHandlerMapping - Mapped "{[/web/operateInfo/getOperateList]}" onto public com.example.demo.util.Result com.example.demo.controller.OperateController.getLoginList(java.lang.Integer,java.lang.Integer)
11:43:50.711 sms [main] INFO  o.s.w.s.m.m.a.RequestMappingHandlerMapping - Mapped "{[/web/operateInfo/searchOperateList]}" onto public com.example.demo.util.Result com.example.demo.controller.OperateController.searchLoginList(java.lang.Integer,java.lang.Integer,java.lang.Long,java.lang.String,java.lang.String,java.lang.String)
11:43:50.712 sms [main] INFO  o.s.w.s.m.m.a.RequestMappingHandlerMapping - Mapped "{[/web/performance/worklate/searchOvertime]}" onto public com.example.demo.util.Result com.example.demo.controller.OvertimeController.getsearchPunch(java.lang.Integer,java.lang.Integer,java.lang.Long,java.lang.String,java.lang.String,java.lang.String)
11:43:50.712 sms [main] INFO  o.s.w.s.m.m.a.RequestMappingHandlerMapping - Mapped "{[/web/performance/worklate/overtimeList]}" onto public com.example.demo.util.Result com.example.demo.controller.OvertimeController.getpunchList(java.lang.Integer,java.lang.Integer)
11:43:50.712 sms [main] INFO  o.s.w.s.m.m.a.RequestMappingHandlerMapping - Mapped "{[/web/performance/worklate/deleteOvertime]}" onto public com.example.demo.util.Result com.example.demo.controller.OvertimeController.delete_Overtime(java.lang.Long,java.lang.String)
11:43:50.712 sms [main] INFO  o.s.w.s.m.m.a.RequestMappingHandlerMapping - Mapped "{[/web/performance/worklate/addOvertime]}" onto public com.example.demo.util.Result com.example.demo.controller.OvertimeController.add_Overtime(java.lang.String,java.lang.String,java.lang.Long)
11:43:50.712 sms [main] INFO  o.s.w.s.m.m.a.RequestMappingHandlerMapping - Mapped "{[/web/performance/worklate/updateOvertime]}" onto public com.example.demo.util.Result com.example.demo.controller.OvertimeController.updatePunch(java.lang.Long,java.lang.String)
11:43:50.713 sms [main] INFO  o.s.w.s.m.m.a.RequestMappingHandlerMapping - Mapped "{[/web/performance/attendance/addPunch]}" onto public com.example.demo.util.Result com.example.demo.controller.RegisterController.addPunch(java.lang.String,java.lang.String,java.lang.Long)
11:43:50.713 sms [main] INFO  o.s.w.s.m.m.a.RequestMappingHandlerMapping - Mapped "{[/web/performance/attendance/searchPunch]}" onto public com.example.demo.util.Result com.example.demo.controller.RegisterController.getsearchPunch(java.lang.Integer,java.lang.Integer,java.lang.Long,java.lang.String,java.lang.String,java.lang.String)
11:43:50.714 sms [main] INFO  o.s.w.s.m.m.a.RequestMappingHandlerMapping - Mapped "{[/web/performance/attendance/punchList]}" onto public com.example.demo.util.Result com.example.demo.controller.RegisterController.getpunchList(java.lang.Integer,java.lang.Integer)
11:43:50.714 sms [main] INFO  o.s.w.s.m.m.a.RequestMappingHandlerMapping - Mapped "{[/web/performance/attendance/updatePunch]}" onto public com.example.demo.util.Result com.example.demo.controller.RegisterController.updatePunch(java.lang.Long,java.lang.String)
11:43:50.714 sms [main] INFO  o.s.w.s.m.m.a.RequestMappingHandlerMapping - Mapped "{[/web/performance/attendance/deletePunch]}" onto public com.example.demo.util.Result com.example.demo.controller.RegisterController.delete_Punch(java.lang.Long,java.lang.String)
11:43:50.714 sms [main] INFO  o.s.w.s.m.m.a.RequestMappingHandlerMapping - Mapped "{[/web/service/analysis/searchComplaintAnalysis]}" onto public com.example.demo.util.Result com.example.demo.controller.ServiceAnalysisController.searchComplaintAnalysis(java.lang.Integer,java.lang.Integer,java.lang.String) throws java.lang.Exception
11:43:50.714 sms [main] INFO  o.s.w.s.m.m.a.RequestMappingHandlerMapping - Mapped "{[/web/service/analysis/getComplaintAnalysis]}" onto public com.example.demo.util.Result com.example.demo.controller.ServiceAnalysisController.getExpireContract(java.lang.Integer,java.lang.Integer) throws java.lang.Exception
11:43:50.715 sms [main] INFO  o.s.w.s.m.m.a.RequestMappingHandlerMapping - Mapped "{[/web/performance/trail/getTrailList]}" onto public com.example.demo.util.Result com.example.demo.controller.TrailController.getTrailList(java.lang.Integer,java.lang.Integer)
11:43:50.715 sms [main] INFO  o.s.w.s.m.m.a.RequestMappingHandlerMapping - Mapped "{[/web/performance/trail/searchTrail]}" onto public com.example.demo.util.Result com.example.demo.controller.TrailController.searchTrail(java.lang.Integer,java.lang.Integer,java.lang.String,java.lang.String,java.lang.String,java.lang.String,java.lang.String)
11:43:50.715 sms [main] INFO  o.s.w.s.m.m.a.RequestMappingHandlerMapping - Mapped "{[/web/performance/trail/deleteTrail]}" onto public com.example.demo.util.Result com.example.demo.controller.TrailController.deleteTrail(java.lang.Long)
11:43:50.716 sms [main] INFO  o.s.w.s.m.m.a.RequestMappingHandlerMapping - Mapped "{[/web/staff/getStaffsList]}" onto public com.example.demo.util.Result com.example.demo.controller.UserController.getStaffsList(java.lang.Integer,java.lang.Integer)
11:43:50.716 sms [main] INFO  o.s.w.s.m.m.a.RequestMappingHandlerMapping - Mapped "{[/web/staff/searchStaffs]}" onto public com.example.demo.util.Result com.example.demo.controller.UserController.getsearchClients(java.lang.Integer,java.lang.Integer,java.lang.String,java.lang.String,java.lang.String,java.lang.String)
11:43:50.716 sms [main] INFO  o.s.w.s.m.m.a.RequestMappingHandlerMapping - Mapped "{[/web/staff/addStaffs]}" onto public com.example.demo.util.Result com.example.demo.controller.UserController.add_Staffs(java.lang.String,java.lang.String,java.lang.String,java.lang.String,java.lang.String,java.lang.String)
11:43:50.717 sms [main] INFO  o.s.w.s.m.m.a.RequestMappingHandlerMapping - Mapped "{[/web/staff/modifyStaffs]}" onto public com.example.demo.util.Result com.example.demo.controller.UserController.modify_Clients(java.lang.Long,java.lang.String,java.lang.String,java.lang.String,java.lang.String,java.lang.String)
11:43:50.717 sms [main] INFO  o.s.w.s.m.m.a.RequestMappingHandlerMapping - Mapped "{[/web/staff/deleteStaffs]}" onto public com.example.demo.util.Result com.example.demo.controller.UserController.delete_Clients(java.lang.Long)
11:43:50.717 sms [main] INFO  o.s.w.s.m.m.a.RequestMappingHandlerMapping - Mapped "{[/web/staff/compeleteStaffInfo]}" onto public com.example.demo.util.Result com.example.demo.controller.UserController.compeleteStaffInfo(java.lang.String)
11:43:50.718 sms [main] INFO  o.s.w.s.m.m.a.RequestMappingHandlerMapping - Mapped "{[/admin/getMessage],methods=[GET]}" onto public com.example.demo.util.Result com.example.demo.controller.AdminController.getMessage()
11:43:50.718 sms [main] INFO  o.s.w.s.m.m.a.RequestMappingHandlerMapping - Mapped "{[/web/service/complaint/getComplaintList]}" onto public com.example.demo.util.Result com.example.demo.controller.ComplaintController.getComplaintList(java.lang.Integer,java.lang.Integer,java.lang.Long)
11:43:50.719 sms [main] INFO  o.s.w.s.m.m.a.RequestMappingHandlerMapping - Mapped "{[/web/service/complaint/searchComplaintList]}" onto public com.example.demo.util.Result com.example.demo.controller.ComplaintController.searchComplaintList(java.lang.Integer,java.lang.Integer,java.lang.Long,java.lang.String,java.lang.String,java.lang.Long,java.lang.String,java.lang.String)
11:43:50.719 sms [main] INFO  o.s.w.s.m.m.a.RequestMappingHandlerMapping - Mapped "{[/web/service/complaint/addComplaint]}" onto public com.example.demo.util.Result com.example.demo.controller.ComplaintController.add_Complaint(java.lang.Long,java.lang.String,java.lang.String,java.lang.String) throws java.lang.Exception
11:43:50.719 sms [main] INFO  o.s.w.s.m.m.a.RequestMappingHandlerMapping - Mapped "{[/web/service/complaint/modifyComplaint]}" onto public com.example.demo.util.Result com.example.demo.controller.ComplaintController.modify_Complaint(java.lang.Long,java.lang.Long,java.lang.String,java.lang.String,java.lang.String)
11:43:50.719 sms [main] INFO  o.s.w.s.m.m.a.RequestMappingHandlerMapping - Mapped "{[/web/service/complaint/deleteComplaint]}" onto public com.example.demo.util.Result com.example.demo.controller.ComplaintController.delete_Complaint(java.lang.Long)
11:43:50.720 sms [main] INFO  o.s.w.s.m.m.a.RequestMappingHandlerMapping - Mapped "{[/web/service/complaint/startHandle]}" onto public com.example.demo.util.Result com.example.demo.controller.ComplaintController.startHandle(java.lang.Long)
11:43:50.720 sms [main] INFO  o.s.w.s.m.m.a.RequestMappingHandlerMapping - Mapped "{[/web/service/complaint/completeHandle]}" onto public com.example.demo.util.Result com.example.demo.controller.ComplaintController.completeHandle(java.lang.Long)
11:43:50.720 sms [main] INFO  o.s.w.s.m.m.a.RequestMappingHandlerMapping - Mapped "{[/web/service/complaint/reHandle]}" onto public com.example.demo.util.Result com.example.demo.controller.ComplaintController.reHandle(java.lang.Long)
11:43:50.720 sms [main] INFO  o.s.w.s.m.m.a.RequestMappingHandlerMapping - Mapped "{[/web/service/complaint/cancelHandle]}" onto public com.example.demo.util.Result com.example.demo.controller.ComplaintController.cancelHandle(java.lang.Long)
11:43:50.721 sms [main] INFO  o.s.w.s.m.m.a.RequestMappingHandlerMapping - Mapped "{[/web/client/getClientsList]}" onto public com.example.demo.util.Result com.example.demo.controller.CustomerController.getCustomersList(java.lang.Integer,java.lang.Integer)
11:43:50.721 sms [main] INFO  o.s.w.s.m.m.a.RequestMappingHandlerMapping - Mapped "{[/web/client/addClients]}" onto public com.example.demo.util.Result com.example.demo.controller.CustomerController.add_Clients(java.lang.String,java.lang.String,java.lang.String,java.lang.String,java.lang.String,java.lang.String,java.lang.String,java.lang.String) throws java.lang.Exception
11:43:50.722 sms [main] INFO  o.s.w.s.m.m.a.RequestMappingHandlerMapping - Mapped "{[/web/client/compeleteClientInfo]}" onto public com.example.demo.util.Result com.example.demo.controller.CustomerController.compeleteClientInfo(java.lang.String)
11:43:50.722 sms [main] INFO  o.s.w.s.m.m.a.RequestMappingHandlerMapping - Mapped "{[/web/client/searchClients]}" onto public com.example.demo.util.Result com.example.demo.controller.CustomerController.getsearchClients(java.lang.Integer,java.lang.Integer,java.lang.String,java.lang.String,java.lang.String,java.lang.String)
11:43:50.722 sms [main] INFO  o.s.w.s.m.m.a.RequestMappingHandlerMapping - Mapped "{[/web/client/modifyClients]}" onto public com.example.demo.util.Result com.example.demo.controller.CustomerController.modify_Clients(java.lang.Long,java.lang.String,java.lang.String,java.lang.String,java.lang.String,java.lang.String,java.lang.String,java.lang.String,java.lang.String,java.lang.String)
11:43:50.723 sms [main] INFO  o.s.w.s.m.m.a.RequestMappingHandlerMapping - Mapped "{[/web/client/deleteClients]}" onto public com.example.demo.util.Result com.example.demo.controller.CustomerController.delete_Clients(java.lang.Long)
11:43:50.724 sms [main] INFO  o.s.w.s.m.m.a.RequestMappingHandlerMapping - Mapped "{[/web/file/file]}" onto public java.lang.String com.example.demo.controller.FileUploadController.file()
11:43:50.724 sms [main] INFO  o.s.w.s.m.m.a.RequestMappingHandlerMapping - Mapped "{[/web/file/fileUpload]}" onto public com.example.demo.util.Result com.example.demo.controller.FileUploadController.fileUpload(org.springframework.web.multipart.MultipartFile,java.lang.Long)
11:43:50.724 sms [main] INFO  o.s.w.s.m.m.a.RequestMappingHandlerMapping - Mapped "{[/web/file/fileDownload]}" onto public java.lang.String com.example.demo.controller.FileUploadController.downLoad(javax.servlet.http.HttpServletResponse,java.lang.Long) throws java.lang.Exception
11:43:50.725 sms [main] INFO  o.s.w.s.m.m.a.RequestMappingHandlerMapping - Mapped "{[/web/file/multifile]}" onto public java.lang.String com.example.demo.controller.FileUploadController.multifile()
11:43:50.725 sms [main] INFO  o.s.w.s.m.m.a.RequestMappingHandlerMapping - Mapped "{[/web/file/multifileUpload],methods=[POST]}" onto public java.lang.String com.example.demo.controller.FileUploadController.multifileUpload(javax.servlet.http.HttpServletRequest,java.lang.Long)
11:43:50.759 sms [main] INFO  o.s.w.s.m.m.a.RequestMappingHandlerMapping - Mapped "{[/web/service/inspection/completeHandle]}" onto public com.example.demo.util.Result com.example.demo.controller.InspectionController.completeHandle(java.lang.Long)
11:43:50.759 sms [main] INFO  o.s.w.s.m.m.a.RequestMappingHandlerMapping - Mapped "{[/web/service/inspection/getInspectionList]}" onto public com.example.demo.util.Result com.example.demo.controller.InspectionController.getInspectionList(java.lang.Integer,java.lang.Integer,java.lang.Long)
11:43:50.759 sms [main] INFO  o.s.w.s.m.m.a.RequestMappingHandlerMapping - Mapped "{[/web/service/inspection/searchInspection]}" onto public com.example.demo.util.Result com.example.demo.controller.InspectionController.searchInspection(java.lang.Integer,java.lang.Integer,java.lang.String,java.lang.String,java.lang.String,java.lang.String,java.lang.Long,java.lang.String)
11:43:50.759 sms [main] INFO  o.s.w.s.m.m.a.RequestMappingHandlerMapping - Mapped "{[/web/service/inspection/inspection]}" onto public com.example.demo.util.Result com.example.demo.controller.InspectionController.getInspection(java.lang.Long)
11:43:50.759 sms [main] INFO  o.s.w.s.m.m.a.RequestMappingHandlerMapping - Mapped "{[/web/service/inspection/addInspection]}" onto public com.example.demo.util.Result com.example.demo.controller.InspectionController.add_Inspection(java.lang.Long,java.lang.Long,java.lang.String,java.lang.String) throws java.lang.Exception
11:43:50.760 sms [main] INFO  o.s.w.s.m.m.a.RequestMappingHandlerMapping - Mapped "{[/web/service/inspection/modifyInspection]}" onto public com.example.demo.util.Result com.example.demo.controller.InspectionController.modify_Inspection(java.lang.Long,java.lang.Long,java.lang.Long,java.lang.String,java.lang.String) throws java.lang.Exception
11:43:50.760 sms [main] INFO  o.s.w.s.m.m.a.RequestMappingHandlerMapping - Mapped "{[/web/service/inspection/deleteInspection]}" onto public com.example.demo.util.Result com.example.demo.controller.InspectionController.delete_Inspection(java.lang.Long)
11:43:50.760 sms [main] INFO  o.s.w.s.m.m.a.RequestMappingHandlerMapping - Mapped "{[/web/service/inspection/cancelInspection]}" onto public com.example.demo.util.Result com.example.demo.controller.InspectionController.cancelInspection(java.lang.Long) throws java.lang.Exception
11:43:50.760 sms [main] INFO  o.s.w.s.m.m.a.RequestMappingHandlerMapping - Mapped "{[/web/service/inspection/rehandleInspection]}" onto public com.example.demo.util.Result com.example.demo.controller.InspectionController.rehandleInspection(java.lang.Long) throws java.lang.Exception
11:43:50.761 sms [main] INFO  o.s.w.s.m.m.a.RequestMappingHandlerMapping - Mapped "{[/web/service/inspection/getInspectionDeviceTable]}" onto public com.example.demo.util.Result com.example.demo.controller.InspectionController.getInspectionDeviceTable(java.lang.Long)
11:43:50.761 sms [main] INFO  o.s.w.s.m.m.a.RequestMappingHandlerMapping - Mapped "{[/web/service/inspection/addInspectionTable]}" onto public com.example.demo.util.Result com.example.demo.controller.InspectionController.add_InspectionTable(java.lang.Long,java.lang.Long,java.lang.String)
11:43:50.761 sms [main] INFO  o.s.w.s.m.m.a.RequestMappingHandlerMapping - Mapped "{[/web/service/inspection/completeDeviceInfo]}" onto public com.example.demo.util.Result com.example.demo.controller.InspectionController.completeDeviceInfo(java.lang.Long,java.lang.String)
11:43:50.761 sms [main] INFO  o.s.w.s.m.m.a.RequestMappingHandlerMapping - Mapped "{[/web/service/inspection/getInspectionResult]}" onto public com.example.demo.util.Result com.example.demo.controller.InspectionController.getInspectionResult(java.lang.Long,java.lang.Long)
11:43:50.767 sms [main] INFO  o.s.w.s.m.m.a.RequestMappingHandlerMapping - Mapped "{[/web/service/inspection/addInspectionResult]}" onto public com.example.demo.util.Result com.example.demo.controller.InspectionController.add_InspectionResult(java.lang.Long,java.lang.Long,java.lang.String,java.lang.String,java.lang.Long,java.lang.String,java.lang.String)
11:43:50.768 sms [main] INFO  o.s.w.s.m.m.a.RequestMappingHandlerMapping - Mapped "{[/web/permiss/modifyPassword]}" onto public com.example.demo.util.Result com.example.demo.controller.PermissionController.modifyPermiss(java.lang.Long,java.lang.String)
11:43:50.768 sms [main] INFO  o.s.w.s.m.m.a.RequestMappingHandlerMapping - Mapped "{[/web/permiss/checkPassword]}" onto public com.example.demo.util.Result com.example.demo.controller.PermissionController.checkPermiss(java.lang.Long,java.lang.String)
11:43:50.768 sms [main] INFO  o.s.w.s.m.m.a.RequestMappingHandlerMapping - Mapped "{[/web/permiss/modifyRole]}" onto public com.example.demo.util.Result com.example.demo.controller.PermissionController.modifyRole(java.lang.String,java.lang.String)
11:43:50.769 sms [main] INFO  o.s.w.s.m.m.a.RequestMappingHandlerMapping - Mapped "{[/wxapp/getInspection]}" onto public com.example.demo.util.Result com.example.demo.controller.WeixinController.getInspection(java.lang.String,java.lang.String,java.lang.Integer,java.lang.Integer) throws java.lang.Exception
11:43:50.770 sms [main] INFO  o.s.w.s.m.m.a.RequestMappingHandlerMapping - Mapped "{[/wxapp/maintenance]}" onto public com.example.demo.util.Result com.example.demo.controller.WeixinController.addRepair(java.lang.String,java.lang.String,java.lang.String) throws java.lang.Exception
11:43:50.770 sms [main] INFO  o.s.w.s.m.m.a.RequestMappingHandlerMapping - Mapped "{[/wxapp/getMaintenance]}" onto public com.example.demo.util.Result com.example.demo.controller.WeixinController.getMaintenance(java.lang.String,java.lang.Integer,java.lang.Integer) throws java.lang.Exception
11:43:50.770 sms [main] INFO  o.s.w.s.m.m.a.RequestMappingHandlerMapping - Mapped "{[/wxapp/getMaintenanceTable]}" onto public com.example.demo.util.Result com.example.demo.controller.WeixinController.getMaintenanceTable(java.lang.String,java.lang.Long) throws java.lang.Exception
11:43:50.770 sms [main] INFO  o.s.w.s.m.m.a.RequestMappingHandlerMapping - Mapped "{[/wxapp/confirmMaintenance]}" onto public com.example.demo.util.Result com.example.demo.controller.WeixinController.confirmMaintenance(java.lang.String,java.lang.Long) throws java.lang.Exception
11:43:50.773 sms [main] INFO  o.s.w.s.m.m.a.RequestMappingHandlerMapping - Mapped "{[/wxapp/getInspectionTable]}" onto public com.example.demo.util.Result com.example.demo.controller.WeixinController.getInspectionTable(java.lang.String,java.lang.Long) throws java.lang.Exception
11:43:50.773 sms [main] INFO  o.s.w.s.m.m.a.RequestMappingHandlerMapping - Mapped "{[/wxapp/confirmInspection]}" onto public com.example.demo.util.Result com.example.demo.controller.WeixinController.confirmInspection(java.lang.String,java.lang.Long) throws java.lang.Exception
11:43:50.773 sms [main] INFO  o.s.w.s.m.m.a.RequestMappingHandlerMapping - Mapped "{[/wxapp/login],methods=[POST]}" onto public com.example.demo.util.Result com.example.demo.controller.WeixinController.postlogin(java.lang.String) throws java.lang.Exception
11:43:50.774 sms [main] INFO  o.s.w.s.m.m.a.RequestMappingHandlerMapping - Mapped "{[/wxapp/login2],methods=[POST]}" onto public com.example.demo.util.Result com.example.demo.controller.WeixinController.getlogin(java.lang.String,java.lang.String,java.lang.String) throws java.lang.Exception
11:43:50.774 sms [main] INFO  o.s.w.s.m.m.a.RequestMappingHandlerMapping - Mapped "{[/wxapp/complaint]}" onto public com.example.demo.util.Result com.example.demo.controller.WeixinController.getStaffsList(java.lang.String,java.lang.String) throws java.lang.Exception
11:43:50.777 sms [main] INFO  o.s.w.s.m.m.a.RequestMappingHandlerMapping - Mapped "{[/web/contract/getDevices]}" onto public com.example.demo.util.Result com.example.demo.controller.ContractController.getDevices(java.lang.Integer,java.lang.Integer,java.lang.Long)
11:43:50.777 sms [main] INFO  o.s.w.s.m.m.a.RequestMappingHandlerMapping - Mapped "{[/web/contract/searchDevice]}" onto public com.example.demo.util.Result com.example.demo.controller.ContractController.searchDevice(java.lang.Integer,java.lang.Integer,java.lang.Long,java.lang.String,java.lang.String,java.lang.String,java.lang.String)
11:43:50.777 sms [main] INFO  o.s.w.s.m.m.a.RequestMappingHandlerMapping - Mapped "{[/web/contract/deleteDevice]}" onto public com.example.demo.util.Result com.example.demo.controller.ContractController.delete_Device(java.lang.Long,java.lang.Long)
11:43:50.778 sms [main] INFO  o.s.w.s.m.m.a.RequestMappingHandlerMapping - Mapped "{[/web/contract/modifyDevice]}" onto public com.example.demo.util.Result com.example.demo.controller.ContractController.modify_Device(java.lang.Long,java.lang.Long,java.lang.String)
11:43:50.778 sms [main] INFO  o.s.w.s.m.m.a.RequestMappingHandlerMapping - Mapped "{[/web/contract/addDevice]}" onto public com.example.demo.util.Result com.example.demo.controller.ContractController.add_Device(java.lang.Long,java.lang.Long,java.lang.String)
11:43:50.778 sms [main] INFO  o.s.w.s.m.m.a.RequestMappingHandlerMapping - Mapped "{[/web/contract/getContractList]}" onto public com.example.demo.util.Result com.example.demo.controller.ContractController.getContractList(java.lang.Integer,java.lang.Integer)
11:43:50.779 sms [main] INFO  o.s.w.s.m.m.a.RequestMappingHandlerMapping - Mapped "{[/web/contract/searchContract]}" onto public com.example.demo.util.Result com.example.demo.controller.ContractController.searchContract(java.lang.Integer,java.lang.Integer,java.lang.String,java.lang.String,java.lang.String,java.lang.String,java.lang.String,java.lang.String,java.lang.String,java.lang.String)
11:43:50.779 sms [main] INFO  o.s.w.s.m.m.a.RequestMappingHandlerMapping - Mapped "{[/web/contract/deleteContract]}" onto public com.example.demo.util.Result com.example.demo.controller.ContractController.delete_Contract(java.lang.Long)
11:43:50.779 sms [main] INFO  o.s.w.s.m.m.a.RequestMappingHandlerMapping - Mapped "{[/web/contract/addContract]}" onto public com.example.demo.util.Result com.example.demo.controller.ContractController.add_Contract(java.lang.Long,java.lang.Long,java.lang.String,java.lang.String,java.lang.String,java.lang.String,java.lang.String,java.lang.String,java.lang.String,java.lang.String,java.lang.String) throws java.lang.Exception
11:43:50.779 sms [main] INFO  o.s.w.s.m.m.a.RequestMappingHandlerMapping - Mapped "{[/web/contract/modifyContract]}" onto public com.example.demo.util.Result com.example.demo.controller.ContractController.modify_Contract(java.lang.Long,java.lang.Long,java.lang.Long,java.lang.String,java.lang.String,java.lang.String,java.lang.String,java.lang.String,java.lang.String,java.lang.String,java.lang.String,java.lang.String) throws java.lang.Exception
11:43:50.779 sms [main] INFO  o.s.w.s.m.m.a.RequestMappingHandlerMapping - Mapped "{[/web/contract/completeContractInfo]}" onto public com.example.demo.util.Result com.example.demo.controller.ContractController.completeContractInfo(java.lang.String)
11:43:50.780 sms [main] INFO  o.s.w.s.m.m.a.RequestMappingHandlerMapping - Mapped "{[/web/contract/downloadDeviceCode]}" onto public com.example.demo.util.Result com.example.demo.controller.ContractController.downloadDeviceCode(java.lang.String,javax.servlet.http.HttpServletResponse)
11:43:50.780 sms [main] INFO  o.s.w.s.m.m.a.RequestMappingHandlerMapping - Mapped "{[/web/contract/completeProductInfo]}" onto public com.example.demo.util.Result com.example.demo.controller.ContractController.completeProductInfo(java.lang.String)
11:43:50.780 sms [main] INFO  o.s.w.s.m.m.a.RequestMappingHandlerMapping - Mapped "{[/web/home/getInspectionInfo]}" onto public com.example.demo.util.Result com.example.demo.controller.HomeController.getInspectionInfo(java.lang.Integer,java.lang.Integer,java.lang.String) throws java.lang.Exception
11:43:50.781 sms [main] INFO  o.s.w.s.m.m.a.RequestMappingHandlerMapping - Mapped "{[/web/home/getRepairNotice]}" onto public com.example.demo.util.Result com.example.demo.controller.HomeController.getRepairNotice(java.lang.Integer,java.lang.Integer) throws java.lang.Exception
11:43:50.781 sms [main] INFO  o.s.w.s.m.m.a.RequestMappingHandlerMapping - Mapped "{[/web/home/getExpireContract]}" onto public com.example.demo.util.Result com.example.demo.controller.HomeController.getExpireContract(java.lang.Integer,java.lang.Integer) throws java.lang.Exception
11:43:50.782 sms [main] INFO  o.s.w.s.m.m.a.RequestMappingHandlerMapping - Mapped "{[/web/service/maintenance/deleteMaintenance]}" onto public com.example.demo.util.Result com.example.demo.controller.MaintenanceController.delete_Maintenance(java.lang.Long)
11:43:50.782 sms [main] INFO  o.s.w.s.m.m.a.RequestMappingHandlerMapping - Mapped "{[/web/service/maintenance/searchMaintenance]}" onto public com.example.demo.util.Result com.example.demo.controller.MaintenanceController.searchMaintenance(java.lang.Integer,java.lang.Integer,java.lang.String,java.lang.String,java.lang.String,java.lang.Long,java.lang.String,java.lang.String)
11:43:50.783 sms [main] INFO  o.s.w.s.m.m.a.RequestMappingHandlerMapping - Mapped "{[/web/service/maintenance/reHandleMaintenance]}" onto public com.example.demo.util.Result com.example.demo.controller.MaintenanceController.reHandleMaintenance(java.lang.Long) throws java.lang.Exception
11:43:50.783 sms [main] INFO  o.s.w.s.m.m.a.RequestMappingHandlerMapping - Mapped "{[/web/service/maintenance/getMaintenanceDeviceTable]}" onto public com.example.demo.util.Result com.example.demo.controller.MaintenanceController.getMaintenanceDeviceTable(java.lang.Long)
11:43:50.783 sms [main] INFO  o.s.w.s.m.m.a.RequestMappingHandlerMapping - Mapped "{[/web/service/maintenance/addMaintenanceTable]}" onto public com.example.demo.util.Result com.example.demo.controller.MaintenanceController.add_MaintenanceTable(java.lang.Long,java.lang.Long,java.lang.String)
11:43:50.783 sms [main] INFO  o.s.w.s.m.m.a.RequestMappingHandlerMapping - Mapped "{[/web/service/maintenance/getMaintenanceResult]}" onto public com.example.demo.util.Result com.example.demo.controller.MaintenanceController.getMaintenanceResult(java.lang.Long,java.lang.Long)
11:43:50.783 sms [main] INFO  o.s.w.s.m.m.a.RequestMappingHandlerMapping - Mapped "{[/web/service/maintenance/addMaintenanceResult]}" onto public com.example.demo.util.Result com.example.demo.controller.MaintenanceController.add_MaintenanceResult(java.lang.Long,java.lang.Long,java.lang.String,java.lang.String,java.lang.String,java.lang.String)
11:43:50.783 sms [main] INFO  o.s.w.s.m.m.a.RequestMappingHandlerMapping - Mapped "{[/web/service/maintenance/modifyMaintenance]}" onto public com.example.demo.util.Result com.example.demo.controller.MaintenanceController.modify_Maintenance(java.lang.Long,java.lang.Long,java.lang.Long,java.lang.String,java.lang.String) throws java.lang.Exception
11:43:50.784 sms [main] INFO  o.s.w.s.m.m.a.RequestMappingHandlerMapping - Mapped "{[/web/service/maintenance/cancelMaintenance]}" onto public com.example.demo.util.Result com.example.demo.controller.MaintenanceController.cancelMaintenance(java.lang.Long) throws java.lang.Exception
11:43:50.784 sms [main] INFO  o.s.w.s.m.m.a.RequestMappingHandlerMapping - Mapped "{[/web/service/maintenance/addMaintenance]}" onto public com.example.demo.util.Result com.example.demo.controller.MaintenanceController.add_Maintenance(java.lang.Long,java.lang.Long,java.lang.String,java.lang.String) throws java.lang.Exception
11:43:50.784 sms [main] INFO  o.s.w.s.m.m.a.RequestMappingHandlerMapping - Mapped "{[/web/service/maintenance/getMaintenanceList]}" onto public com.example.demo.util.Result com.example.demo.controller.MaintenanceController.getMaintenanceList(java.lang.Integer,java.lang.Integer,java.lang.Long)
11:43:50.784 sms [main] INFO  o.s.w.s.m.m.a.RequestMappingHandlerMapping - Mapped "{[/web/service/maintenance/completeHandle]}" onto public com.example.demo.util.Result com.example.demo.controller.MaintenanceController.completeHandle(java.lang.Long)
11:43:50.784 sms [main] INFO  o.s.w.s.m.m.a.RequestMappingHandlerMapping - Mapped "{[/web/service/maintenance/completeDeviceInfo]}" onto public com.example.demo.util.Result com.example.demo.controller.MaintenanceController.completeDeviceInfo(java.lang.Long,java.lang.String)
11:43:50.785 sms [main] INFO  o.s.w.s.m.m.a.RequestMappingHandlerMapping - Mapped "{[/web/statistics/product/getProductList]}" onto public com.example.demo.util.Result com.example.demo.controller.ProductController.getProductList(java.lang.Integer,java.lang.Integer) throws java.lang.Exception
11:43:50.785 sms [main] INFO  o.s.w.s.m.m.a.RequestMappingHandlerMapping - Mapped "{[/web/statistics/product/addProduct]}" onto public com.example.demo.util.Result com.example.demo.controller.ProductController.add_Product(java.lang.String,java.lang.String,java.lang.String,java.lang.String) throws java.lang.Exception
11:43:50.785 sms [main] INFO  o.s.w.s.m.m.a.RequestMappingHandlerMapping - Mapped "{[/web/statistics/product/deleteProduct]}" onto public com.example.demo.util.Result com.example.demo.controller.ProductController.delete_Product(java.lang.Long)
11:43:50.786 sms [main] INFO  o.s.w.s.m.m.a.RequestMappingHandlerMapping - Mapped "{[/web/statistics/product/modifyProduct]}" onto public com.example.demo.util.Result com.example.demo.controller.ProductController.modify_Product(java.lang.Long,java.lang.String,java.lang.String,java.lang.String,java.lang.String)
11:43:50.786 sms [main] INFO  o.s.w.s.m.m.a.RequestMappingHandlerMapping - Mapped "{[/web/statistics/product/searchProduct]}" onto public com.example.demo.util.Result com.example.demo.controller.ProductController.searchProduct(java.lang.Integer,java.lang.Integer,java.lang.String,java.lang.String,java.lang.String) throws java.lang.Exception
11:43:50.792 sms [main] INFO  o.s.w.s.m.m.a.RequestMappingHandlerMapping - Mapped "{[/error]}" onto public org.springframework.http.ResponseEntity<java.util.Map<java.lang.String, java.lang.Object>> org.springframework.boot.autoconfigure.web.servlet.error.BasicErrorController.error(javax.servlet.http.HttpServletRequest)
11:43:50.793 sms [main] INFO  o.s.w.s.m.m.a.RequestMappingHandlerMapping - Mapped "{[/error],produces=[text/html]}" onto public org.springframework.web.servlet.ModelAndView org.springframework.boot.autoconfigure.web.servlet.error.BasicErrorController.errorHtml(javax.servlet.http.HttpServletRequest,javax.servlet.http.HttpServletResponse)
11:43:50.867 sms [main] INFO  o.s.w.s.h.SimpleUrlHandlerMapping - Mapped URL path [/webjars/**] onto handler of type [class org.springframework.web.servlet.resource.ResourceHttpRequestHandler]
11:43:50.867 sms [main] INFO  o.s.w.s.h.SimpleUrlHandlerMapping - Mapped URL path [/static/**] onto handler of type [class org.springframework.web.servlet.resource.ResourceHttpRequestHandler]
11:43:50.907 sms [main] INFO  o.s.w.s.m.m.a.ExceptionHandlerExceptionResolver - Detected @ExceptionHandler methods in exceptionController
11:43:51.129 sms [main] INFO  o.s.b.a.w.s.WelcomePageHandlerMapping - Adding welcome page template: index
11:43:51.564 sms [main] INFO  o.s.j.e.a.AnnotationMBeanExporter - Registering beans for JMX exposure on startup
11:43:51.566 sms [main] INFO  o.s.j.e.a.AnnotationMBeanExporter - Bean with name 'statFilter' has been autodetected for JMX exposure
11:43:51.567 sms [main] INFO  o.s.j.e.a.AnnotationMBeanExporter - Bean with name 'dataSource' has been autodetected for JMX exposure
11:43:51.577 sms [main] INFO  o.s.j.e.a.AnnotationMBeanExporter - Located MBean 'dataSource': registering with JMX server as MBean [com.alibaba.druid.spring.boot.autoconfigure:name=dataSource,type=DruidDataSourceWrapper]
11:43:51.584 sms [main] INFO  o.s.j.e.a.AnnotationMBeanExporter - Located MBean 'statFilter': registering with JMX server as MBean [com.alibaba.druid.filter.stat:name=statFilter,type=StatFilter]
11:43:51.590 sms [main] INFO  o.s.c.s.DefaultLifecycleProcessor - Starting beans in phase 2147483647
11:43:51.591 sms [main] INFO  o.s.s.quartz.SchedulerFactoryBean - Starting Quartz Scheduler now
11:43:51.591 sms [main] INFO  org.quartz.core.QuartzScheduler - Scheduler schedulerFactoryBean_$_NON_CLUSTERED started.
11:43:51.601 sms [main] INFO  o.a.coyote.http11.Http11NioProtocol - Starting ProtocolHandler ["http-nio-8080"]
11:43:51.645 sms [main] INFO  o.a.tomcat.util.net.NioSelectorPool - Using a shared selector for servlet write/read
11:43:51.691 sms [main] INFO  o.s.b.w.e.tomcat.TomcatWebServer - Tomcat started on port(s): 8080 (http) with context path ''
11:43:51.695 sms [main] INFO  com.example.demo.DemoApplication - Started DemoApplication in 32.274 seconds (JVM running for 33.739)
11:50:07.802 sms [http-nio-8080-exec-1] INFO  o.a.c.c.C.[Tomcat].[localhost].[/] - Initializing Spring FrameworkServlet 'dispatcherServlet'
11:50:07.806 sms [http-nio-8080-exec-1] INFO  o.s.web.servlet.DispatcherServlet - FrameworkServlet 'dispatcherServlet': initialization started
11:50:07.935 sms [http-nio-8080-exec-1] INFO  o.s.web.servlet.DispatcherServlet - FrameworkServlet 'dispatcherServlet': initialization completed in 128 ms
11:50:08.281 sms [http-nio-8080-exec-1] INFO  o.h.h.i.QueryTranslatorFactoryInitiator - HHH000397: Using ASTQueryTranslatorFactory
17:04:49.627 sms [Thread-3] INFO  o.s.b.w.s.c.AnnotationConfigServletWebServerApplicationContext - Closing org.springframework.boot.web.servlet.context.AnnotationConfigServletWebServerApplicationContext@7d417077: startup date [Mon Dec 10 11:43:40 CST 2018]; root of context hierarchy
17:04:49.800 sms [Thread-3] INFO  o.s.c.s.DefaultLifecycleProcessor - Stopping beans in phase 2147483647
17:04:49.813 sms [Thread-3] INFO  org.quartz.core.QuartzScheduler - Scheduler schedulerFactoryBean_$_NON_CLUSTERED paused.
17:04:49.829 sms [Thread-3] INFO  o.s.j.e.a.AnnotationMBeanExporter - Unregistering JMX-exposed beans on shutdown
17:04:49.838 sms [Thread-3] INFO  o.s.j.e.a.AnnotationMBeanExporter - Unregistering JMX-exposed beans
17:04:49.897 sms [Thread-3] INFO  o.s.s.quartz.SchedulerFactoryBean - Shutting down Quartz Scheduler
17:04:49.899 sms [Thread-3] INFO  org.quartz.core.QuartzScheduler - Scheduler schedulerFactoryBean_$_NON_CLUSTERED shutting down.
17:04:49.899 sms [Thread-3] INFO  org.quartz.core.QuartzScheduler - Scheduler schedulerFactoryBean_$_NON_CLUSTERED paused.
17:04:49.902 sms [Thread-3] INFO  org.quartz.core.QuartzScheduler - Scheduler schedulerFactoryBean_$_NON_CLUSTERED shutdown complete.
17:04:49.940 sms [Thread-3] INFO  o.s.o.j.LocalContainerEntityManagerFactoryBean - Closing JPA EntityManagerFactory for persistence unit 'default'
17:04:50.029 sms [Thread-3] INFO  c.alibaba.druid.pool.DruidDataSource - {dataSource-1} closed
